current directory: /vagrant/jungle-rails-backup2/.bundle/gems/therubyracer-0.12.3/ext/v8
/home/vagrant/.rvm/rubies/ruby-2.3.5/bin/ruby -r ./siteconf20191217-5776-sssa0v.rb extconf.rb
checking for main() in -lpthread... yes
creating Makefile

current directory: /vagrant/jungle-rails-backup2/.bundle/gems/therubyracer-0.12.3/ext/v8
make "DESTDIR=" clean

current directory: /vagrant/jungle-rails-backup2/.bundle/gems/therubyracer-0.12.3/ext/v8
make "DESTDIR="
compiling backref.cc
compiling script.cc
compiling trycatch.cc
compiling value.cc
compiling handles.cc
compiling invocation.cc
compiling exception.cc
compiling heap.cc
compiling date.cc
compiling signature.cc
compiling locker.cc
compiling context.cc
compiling function.cc
compiling gc.cc
compiling external.cc
compiling string.cc
compiling message.cc
compiling template.cc
compiling constraints.cc
compiling constants.cc
compiling v8.cc
compiling accessor.cc
compiling primitive.cc
compiling object.cc
compiling array.cc
compiling init.cc
compiling stack.cc
compiling rr.cc
linking shared-object v8/init.so

current directory: /vagrant/jungle-rails-backup2/.bundle/gems/therubyracer-0.12.3/ext/v8
make "DESTDIR=" install
/usr/bin/install -m 0755 init.so ./.gem.20191217-5776-1lp611e/v8
